<?xml version="1.0" encoding="UTF-8"?>
<testsuite name="com.infinira.ems.TestEmployee" tests="5" skipped="0" failures="0" errors="0" timestamp="2026-02-25T05:42:33" hostname="LAPTOP-4U59MU2L" time="1.433">
  <properties/>
  <testcase name="testCreateEmployee()" classname="com.infinira.ems.TestEmployee" time="1.12"/>
  <testcase name="testGetEmployee()" classname="com.infinira.ems.TestEmployee" time="0.092"/>
  <testcase name="testGetAllEmployees()" classname="com.infinira.ems.TestEmployee" time="0.074"/>
  <testcase name="testUpdateEmployee()" classname="com.infinira.ems.TestEmployee" time="0.095"/>
  <testcase name="testDeleteEmployee()" classname="com.infinira.ems.TestEmployee" time="0.046"/>
  <system-out><![CDATA[11:12:30.058 [Test worker] INFO org.springframework.test.context.support.AnnotationConfigContextLoaderUtils -- Could not detect default configuration classes for test class [com.infinira.ems.TestEmployee]: TestEmployee does not declare any static, non-private, non-final, nested classes annotated with @Configuration.
11:12:30.261 [Test worker] INFO org.springframework.boot.test.context.SpringBootTestContextBootstrapper -- Found @SpringBootConfiguration com.infinira.ems.EmsApplication for test class com.infinira.ems.TestEmployee

  .   ____          _            __ _ _
 /\\ / ___'_ __ _ _(_)_ __  __ _ \ \ \ \
( ( )\___ | '_ | '_| | '_ \/ _` | \ \ \ \
 \\/  ___)| |_)| | | | | || (_| |  ) ) ) )
  '  |____| .__|_| |_|_| |_\__, | / / / /
 =========|_|==============|___/=/_/_/_/

 :: Spring Boot ::                (v3.4.5)

2026-02-25T11:12:30.910+05:30  INFO 14712 --- [    Test worker] com.infinira.ems.TestEmployee            : Starting TestEmployee using Java 21.0.5 with PID 14712 (started by haris in H:\projects\ems-root\ems)
2026-02-25T11:12:30.912+05:30  INFO 14712 --- [    Test worker] com.infinira.ems.TestEmployee            : No active profile set, falling back to 1 default profile: "default"
2026-02-25T11:12:32.698+05:30  INFO 14712 --- [    Test worker] o.s.v.b.OptionalValidatorFactoryBean     : Failed to set up a Bean Validation provider: jakarta.validation.NoProviderFoundException: Unable to create a Configuration, because no Jakarta Bean Validation provider could be found. Add a provider like Hibernate Validator (RI) to your classpath.
2026-02-25T11:12:33.403+05:30  INFO 14712 --- [    Test worker] o.s.b.t.m.w.SpringBootMockServletContext : Initializing Spring TestDispatcherServlet ''
2026-02-25T11:12:33.403+05:30  INFO 14712 --- [    Test worker] o.s.t.web.servlet.TestDispatcherServlet  : Initializing Servlet ''
2026-02-25T11:12:33.403+05:30  INFO 14712 --- [    Test worker] o.s.t.web.servlet.TestDispatcherServlet  : Completed initialization in 0 ms
2026-02-25T11:12:33.466+05:30  INFO 14712 --- [    Test worker] com.infinira.ems.TestEmployee            : Started TestEmployee in 2.954 seconds (process running for 4.597)
]]></system-out>
  <system-err><![CDATA[Mockito is currently self-attaching to enable the inline-mock-maker. This will no longer work in future releases of the JDK. Please add Mockito as an agent to your build what is described in Mockito's documentation: https://javadoc.io/doc/org.mockito/mockito-core/latest/org/mockito/Mockito.html#0.3
WARNING: A Java agent has been loaded dynamically (C:\Users\haris\.gradle\caches\modules-2\files-2.1\net.bytebuddy\byte-buddy-agent\1.15.11\a38b16385e867f59a641330f0362ebe742788ed8\byte-buddy-agent-1.15.11.jar)
WARNING: If a serviceability tool is in use, please run with -XX:+EnableDynamicAgentLoading to hide this warning
WARNING: If a serviceability tool is not in use, please run with -Djdk.instrument.traceUsage for more information
WARNING: Dynamic loading of agents will be disallowed by default in a future release
]]></system-err>
</testsuite>
